# JRE version: 7.0_11-b21
# Java VM: Java HotSpot(TM) Client VM (23.6-b04 mixed mode windows-x86 )
Heap
 def new generation   total 4928K, used 3773K [0x03b20000, 0x04070000, 0x09070000)
  eden space 4416K,  73% used [0x03b20000, 0x03e4f500, 0x03f70000)
  from space 512K, 100% used [0x03f70000, 0x03ff0000, 0x03ff0000)
  to   space 512K,   0% used [0x03ff0000, 0x03ff0000, 0x04070000)
 tenured generation   total 10944K, used 3542K [0x09070000, 0x09b20000, 0x13b20000)
   the space 10944K,  32% used [0x09070000, 0x093e5a10, 0x093e5c00, 0x09b20000)
 compacting perm gen  total 12288K, used 7685K [0x13b20000, 0x14720000, 0x17b20000)
   the space 12288K,  62% used [0x13b20000, 0x142a1608, 0x142a1800, 0x14720000)
GC Heap History (8 events):
Event: 0.782 GC heap before
{Heap before GC invocations=0 (full 0):
 def new generation   total 4928K, used 4416K [0x03b20000, 0x04070000, 0x09070000)
  eden space 4416K, 100% used [0x03b20000, 0x03f70000, 0x03f70000)
  from space 512K,   0% used [0x03f70000, 0x03f70000, 0x03ff0000)
  to   space 512K,   0% used [0x03ff0000, 0x03ff0000, 0x04070000)
 tenured generation   total 10944K, used 0K [0x09070000, 0x09b20000, 0x13b20000)
   the space 10944K,   0% used [0x09070000, 0x09070000, 0x09070200, 0x09b20000)
 compacting perm gen  total 12288K, used 4454K [0x13b20000, 0x14720000, 0x17b20000)
   the space 12288K,  36% used [0x13b20000, 0x13f79b08, 0x13f79c00, 0x14720000)
No shared spaces configured.
Event: 0.788 GC heap after
Heap after GC invocations=1 (full 0):
 def new generation   total 4928K, used 512K [0x03b20000, 0x04070000, 0x09070000)
  eden space 4416K,   0% used [0x03b20000, 0x03b20000, 0x03f70000)
  from space 512K, 100% used [0x03ff0000, 0x04070000, 0x04070000)
  to   space 512K,   0% used [0x03f70000, 0x03f70000, 0x03ff0000)
 tenured generation   total 10944K, used 1250K [0x09070000, 0x09b20000, 0x13b20000)
   the space 10944K,  11% used [0x09070000, 0x091a8ab8, 0x091a8c00, 0x09b20000)
 compacting perm gen  total 12288K, used 4454K [0x13b20000, 0x14720000, 0x17b20000)
   the space 12288K,  36% used [0x13b20000, 0x13f79b08, 0x13f79c00, 0x14720000)
No shared spaces configured.
}
Event: 1.249 GC heap before
{Heap before GC invocations=1 (full 0):
 def new generation   total 4928K, used 4928K [0x03b20000, 0x04070000, 0x09070000)
  eden space 4416K, 100% used [0x03b20000, 0x03f70000, 0x03f70000)
  from space 512K, 100% used [0x03ff0000, 0x04070000, 0x04070000)
  to   space 512K,   0% used [0x03f70000, 0x03f70000, 0x03ff0000)
 tenured generation   total 10944K, used 1250K [0x09070000, 0x09b20000, 0x13b20000)
   the space 10944K,  11% used [0x09070000, 0x091a8ab8, 0x091a8c00, 0x09b20000)
 compacting perm gen  total 12288K, used 4457K [0x13b20000, 0x14720000, 0x17b20000)
   the space 12288K,  36% used [0x13b20000, 0x13f7a7a8, 0x13f7a800, 0x14720000)
No shared spaces configured.
Event: 1.255 GC heap after
Heap after GC invocations=2 (full 0):
 def new generation   total 4928K, used 512K [0x03b20000, 0x04070000, 0x09070000)
  eden space 4416K,   0% used [0x03b20000, 0x03b20000, 0x03f70000)
  from space 512K, 100% used [0x03f70000, 0x03ff0000, 0x03ff0000)
  to   space 512K,   0% used [0x03ff0000, 0x03ff0000, 0x04070000)
 tenured generation   total 10944K, used 2084K [0x09070000, 0x09b20000, 0x13b20000)
   the space 10944K,  19% used [0x09070000, 0x092793b0, 0x09279400, 0x09b20000)
 compacting perm gen  total 12288K, used 4457K [0x13b20000, 0x14720000, 0x17b20000)
   the space 12288K,  36% used [0x13b20000, 0x13f7a7a8, 0x13f7a800, 0x14720000)
No shared spaces configured.
}
Event: 1.636 GC heap before
{Heap before GC invocations=2 (full 0):
 def new generation   total 4928K, used 4928K [0x03b20000, 0x04070000, 0x09070000)
  eden space 4416K, 100% used [0x03b20000, 0x03f70000, 0x03f70000)
  from space 512K, 100% used [0x03f70000, 0x03ff0000, 0x03ff0000)
  to   space 512K,   0% used [0x03ff0000, 0x03ff0000, 0x04070000)
 tenured generation   total 10944K, used 2084K [0x09070000, 0x09b20000, 0x13b20000)
   the space 10944K,  19% used [0x09070000, 0x092793b0, 0x09279400, 0x09b20000)
 compacting perm gen  total 12288K, used 4678K [0x13b20000, 0x14720000, 0x17b20000)
   the space 12288K,  38% used [0x13b20000, 0x13fb1af8, 0x13fb1c00, 0x14720000)
No shared spaces configured.
Event: 1.640 GC heap after
Heap after GC invocations=3 (full 0):
 def new generation   total 4928K, used 370K [0x03b20000, 0x04070000, 0x09070000)
  eden space 4416K,   0% used [0x03b20000, 0x03b20000, 0x03f70000)
  from space 512K,  72% used [0x03ff0000, 0x0404c8b8, 0x04070000)
  to   space 512K,   0% used [0x03f70000, 0x03f70000, 0x03ff0000)
 tenured generation   total 10944K, used 2593K [0x09070000, 0x09b20000, 0x13b20000)
   the space 10944K,  23% used [0x09070000, 0x092f87c0, 0x092f8800, 0x09b20000)
 compacting perm gen  total 12288K, used 4678K [0x13b20000, 0x14720000, 0x17b20000)
   the space 12288K,  38% used [0x13b20000, 0x13fb1af8, 0x13fb1c00, 0x14720000)
No shared spaces configured.
}
Event: 2.073 GC heap before
{Heap before GC invocations=3 (full 0):
 def new generation   total 4928K, used 4786K [0x03b20000, 0x04070000, 0x09070000)
  eden space 4416K, 100% used [0x03b20000, 0x03f70000, 0x03f70000)
  from space 512K,  72% used [0x03ff0000, 0x0404c8b8, 0x04070000)
  to   space 512K,   0% used [0x03f70000, 0x03f70000, 0x03ff0000)
 tenured generation   total 10944K, used 2593K [0x09070000, 0x09b20000, 0x13b20000)
   the space 10944K,  23% used [0x09070000, 0x092f87c0, 0x092f8800, 0x09b20000)
 compacting perm gen  total 12288K, used 7343K [0x13b20000, 0x14720000, 0x17b20000)
   the space 12288K,  59% used [0x13b20000, 0x1424bd90, 0x1424be00, 0x14720000)
No shared spaces configured.
Event: 2.077 GC heap after
Heap after GC invocations=4 (full 0):
 def new generation   total 4928K, used 512K [0x03b20000, 0x04070000, 0x09070000)
  eden space 4416K,   0% used [0x03b20000, 0x03b20000, 0x03f70000)
  from space 512K, 100% used [0x03f70000, 0x03ff0000, 0x03ff0000)
  to   space 512K,   0% used [0x03ff0000, 0x03ff0000, 0x04070000)
 tenured generation   total 10944K, used 3542K [0x09070000, 0x09b20000, 0x13b20000)
   the space 10944K,  32% used [0x09070000, 0x093e5a10, 0x093e5c00, 0x09b20000)
 compacting perm gen  total 12288K, used 7343K [0x13b20000, 0x14720000, 0x17b20000)
   the space 12288K,  59% used [0x13b20000, 0x1424bd90, 0x1424be00, 0x14720000)
No shared spaces configured.
}

